#-----------------------------------------------------------
# Vivado v2018.3 (64-bit)
# SW Build 2405991 on Thu Dec  6 23:38:27 MST 2018
# IP Build 2404404 on Fri Dec  7 01:43:56 MST 2018
# Start of session at: Sun Jul 10 00:06:40 2022
# Process ID: 876
# Current directory: D:/hitsz-cs-cpu/Nanguobean-cpu
# Command line: vivado.exe -gui_launcher_event rodinguilauncherevent14792 D:\hitsz-cs-cpu\Nanguobean-cpu\Nanguobean-cpu.xpr
# Log file: D:/hitsz-cs-cpu/Nanguobean-cpu/vivado.log
# Journal file: D:/hitsz-cs-cpu/Nanguobean-cpu\vivado.jou
#-----------------------------------------------------------
start_gui
open_project D:/hitsz-cs-cpu/Nanguobean-cpu/Nanguobean-cpu.xpr
Scanning sources...
Finished scanning sources
INFO: [IP_Flow 19-234] Refreshing IP repositories
INFO: [IP_Flow 19-1704] No user IP repositories specified
INFO: [IP_Flow 19-2313] Loaded Vivado IP repository 'F:/vivivado/Vivado/2018.3/data/ip'.
open_project: Time (s): cpu = 00:00:12 ; elapsed = 00:00:10 . Memory (MB): peak = 681.879 ; gain = 120.457
update_compile_order -fileset sources_1
reset_run synth_1
launch_runs synth_1 -jobs 2
[Sun Jul 10 00:07:44 2022] Launched synth_1...
Run output will be captured here: D:/hitsz-cs-cpu/Nanguobean-cpu/Nanguobean-cpu.runs/synth_1/runme.log
reset_run synth_1
launch_runs synth_1 -jobs 2
[Sun Jul 10 00:13:42 2022] Launched synth_1...
Run output will be captured here: D:/hitsz-cs-cpu/Nanguobean-cpu/Nanguobean-cpu.runs/synth_1/runme.log
reset_run synth_1
launch_runs synth_1 -jobs 2
[Sun Jul 10 00:16:23 2022] Launched synth_1...
Run output will be captured here: D:/hitsz-cs-cpu/Nanguobean-cpu/Nanguobean-cpu.runs/synth_1/runme.log
reset_run synth_1
launch_runs synth_1 -jobs 2
[Sun Jul 10 00:17:17 2022] Launched synth_1...
Run output will be captured here: D:/hitsz-cs-cpu/Nanguobean-cpu/Nanguobean-cpu.runs/synth_1/runme.log
reset_run synth_1
launch_runs synth_1 -jobs 2
[Sun Jul 10 00:18:12 2022] Launched synth_1...
Run output will be captured here: D:/hitsz-cs-cpu/Nanguobean-cpu/Nanguobean-cpu.runs/synth_1/runme.log
launch_runs impl_1 -jobs 2
[Sun Jul 10 00:20:03 2022] Launched impl_1...
Run output will be captured here: D:/hitsz-cs-cpu/Nanguobean-cpu/Nanguobean-cpu.runs/impl_1/runme.log
launch_runs impl_1 -to_step write_bitstream -jobs 2
[Sun Jul 10 00:32:45 2022] Launched impl_1...
Run output will be captured here: D:/hitsz-cs-cpu/Nanguobean-cpu/Nanguobean-cpu.runs/impl_1/runme.log
exit
INFO: [Common 17-206] Exiting Vivado at Sun Jul 10 00:34:37 2022...
