
*** Running vivado
    with args -log CPU.vdi -applog -m64 -product Vivado -messageDb vivado.pb -mode batch -source CPU.tcl -notrace


****** Vivado v2018.3 (64-bit)
  **** SW Build 2405991 on Thu Dec  6 23:38:27 MST 2018
  **** IP Build 2404404 on Fri Dec  7 01:43:56 MST 2018
    ** Copyright 1986-2018 Xilinx, Inc. All Rights Reserved.

source CPU.tcl -notrace
Command: link_design -top CPU -part xc7a100tfgg484-1
Design is defaulting to srcset: sources_1
Design is defaulting to constrset: constrs_1
INFO: [Project 1-454] Reading design checkpoint 'd:/hitsz-cs-cpu/Nanguobean-cpu/Nanguobean-cpu.srcs/sources_1/ip/cpuclk/cpuclk.dcp' for cell 'clak'
INFO: [Project 1-454] Reading design checkpoint 'd:/hitsz-cs-cpu/Nanguobean-cpu/Nanguobean-cpu.srcs/sources_1/ip/dram/dram.dcp' for cell 'dram/U_dram'
INFO: [Project 1-454] Reading design checkpoint 'd:/hitsz-cs-cpu/Nanguobean-cpu/Nanguobean-cpu.srcs/sources_1/ip/prgrom/prgrom.dcp' for cell 'irom/U0_irom'
INFO: [Netlist 29-17] Analyzing 2497 Unisim elements for replacement
INFO: [Netlist 29-28] Unisim Transformation completed in 2 CPU seconds
INFO: [Project 1-479] Netlist was created with Vivado 2018.3
INFO: [Device 21-403] Loading part xc7a100tfgg484-1
INFO: [Project 1-570] Preparing netlist for logic optimization
Parsing XDC File [d:/hitsz-cs-cpu/Nanguobean-cpu/Nanguobean-cpu.srcs/sources_1/ip/cpuclk/cpuclk_board.xdc] for cell 'clak/inst'
Finished Parsing XDC File [d:/hitsz-cs-cpu/Nanguobean-cpu/Nanguobean-cpu.srcs/sources_1/ip/cpuclk/cpuclk_board.xdc] for cell 'clak/inst'
Parsing XDC File [d:/hitsz-cs-cpu/Nanguobean-cpu/Nanguobean-cpu.srcs/sources_1/ip/cpuclk/cpuclk.xdc] for cell 'clak/inst'
INFO: [Timing 38-35] Done setting XDC timing constraints. [d:/hitsz-cs-cpu/Nanguobean-cpu/Nanguobean-cpu.srcs/sources_1/ip/cpuclk/cpuclk.xdc:57]
INFO: [Timing 38-2] Deriving generated clocks [d:/hitsz-cs-cpu/Nanguobean-cpu/Nanguobean-cpu.srcs/sources_1/ip/cpuclk/cpuclk.xdc:57]
get_clocks: Time (s): cpu = 00:00:11 ; elapsed = 00:00:12 . Memory (MB): peak = 1241.125 ; gain = 579.707
Finished Parsing XDC File [d:/hitsz-cs-cpu/Nanguobean-cpu/Nanguobean-cpu.srcs/sources_1/ip/cpuclk/cpuclk.xdc] for cell 'clak/inst'
Parsing XDC File [D:/hitsz-cs-cpu/Nanguobean-cpu/Nanguobean-cpu.srcs/constrs_1/new/constrait1.xdc]
Finished Parsing XDC File [D:/hitsz-cs-cpu/Nanguobean-cpu/Nanguobean-cpu.srcs/constrs_1/new/constrait1.xdc]
INFO: [Opt 31-138] Pushed 0 inverter(s) to 0 load pin(s).
Netlist sorting complete. Time (s): cpu = 00:00:00 ; elapsed = 00:00:00.014 . Memory (MB): peak = 1241.281 ; gain = 0.000
INFO: [Project 1-111] Unisim Transformation Summary:
  A total of 2060 instances were transformed.
  RAM256X1S => RAM256X1S (MUXF7, MUXF7, MUXF8, RAMS64E, RAMS64E, RAMS64E, RAMS64E): 2048 instances
  RAM32M => RAM32M (inverted pins: WCLK) (RAMD32, RAMD32, RAMD32, RAMD32, RAMD32, RAMD32, RAMS32, RAMS32): 12 instances

12 Infos, 0 Warnings, 0 Critical Warnings and 0 Errors encountered.
link_design completed successfully
link_design: Time (s): cpu = 00:00:19 ; elapsed = 00:00:22 . Memory (MB): peak = 1241.281 ; gain = 958.410
Command: opt_design
Attempting to get a license for feature 'Implementation' and/or device 'xc7a100t'
INFO: [Common 17-349] Got license for feature 'Implementation' and/or device 'xc7a100t'
Running DRC as a precondition to command opt_design

Starting DRC Task
INFO: [DRC 23-27] Running DRC with 2 threads
INFO: [Project 1-461] DRC finished with 0 Errors
INFO: [Project 1-462] Please refer to the DRC report (report_drc) for more information.

Time (s): cpu = 00:00:02 ; elapsed = 00:00:00.661 . Memory (MB): peak = 1241.281 ; gain = 0.000

Starting Cache Timing Information Task
INFO: [Timing 38-35] Done setting XDC timing constraints.
Ending Cache Timing Information Task | Checksum: 8a20daff

Time (s): cpu = 00:00:01 ; elapsed = 00:00:00.902 . Memory (MB): peak = 1249.938 ; gain = 8.656

Starting Logic Optimization Task

Phase 1 Retarget
INFO: [Opt 31-138] Pushed 0 inverter(s) to 0 load pin(s).
INFO: [Opt 31-49] Retargeted 0 cell(s).
Phase 1 Retarget | Checksum: 1530e60b0

Time (s): cpu = 00:00:01 ; elapsed = 00:00:00.861 . Memory (MB): peak = 1339.406 ; gain = 0.000
INFO: [Opt 31-389] Phase Retarget created 16 cells and removed 18 cells
INFO: [Opt 31-1021] In phase Retarget, 1 netlist objects are constrained preventing optimization. Please run opt_design with -debug_log to get more detail. 

Phase 2 Constant propagation
INFO: [Opt 31-138] Pushed 0 inverter(s) to 0 load pin(s).
Phase 2 Constant propagation | Checksum: 186079fce

Time (s): cpu = 00:00:02 ; elapsed = 00:00:02 . Memory (MB): peak = 1339.406 ; gain = 0.000
INFO: [Opt 31-389] Phase Constant propagation created 300 cells and removed 656 cells

Phase 3 Sweep
Phase 3 Sweep | Checksum: 16a473e1d

Time (s): cpu = 00:00:04 ; elapsed = 00:00:04 . Memory (MB): peak = 1339.406 ; gain = 0.000
INFO: [Opt 31-389] Phase Sweep created 0 cells and removed 3757 cells

Phase 4 BUFG optimization
Phase 4 BUFG optimization | Checksum: 16a473e1d

Time (s): cpu = 00:00:04 ; elapsed = 00:00:04 . Memory (MB): peak = 1339.406 ; gain = 0.000
INFO: [Opt 31-662] Phase BUFG optimization created 0 cells of which 0 are BUFGs and removed 0 cells.

Phase 5 Shift Register Optimization
Phase 5 Shift Register Optimization | Checksum: 76c5e9f4

Time (s): cpu = 00:00:04 ; elapsed = 00:00:04 . Memory (MB): peak = 1339.406 ; gain = 0.000
INFO: [Opt 31-389] Phase Shift Register Optimization created 0 cells and removed 0 cells

Phase 6 Post Processing Netlist
Phase 6 Post Processing Netlist | Checksum: 76c5e9f4

Time (s): cpu = 00:00:04 ; elapsed = 00:00:04 . Memory (MB): peak = 1339.406 ; gain = 0.000
INFO: [Opt 31-389] Phase Post Processing Netlist created 0 cells and removed 0 cells
Opt_design Change Summary
=========================


-------------------------------------------------------------------------------------------------------------------------
|  Phase                        |  #Cells created  |  #Cells Removed  |  #Constrained objects preventing optimizations  |
-------------------------------------------------------------------------------------------------------------------------
|  Retarget                     |              16  |              18  |                                              1  |
|  Constant propagation         |             300  |             656  |                                              0  |
|  Sweep                        |               0  |            3757  |                                              0  |
|  BUFG optimization            |               0  |               0  |                                              0  |
|  Shift Register Optimization  |               0  |               0  |                                              0  |
|  Post Processing Netlist      |               0  |               0  |                                              0  |
-------------------------------------------------------------------------------------------------------------------------



Starting Connectivity Check Task

Time (s): cpu = 00:00:00 ; elapsed = 00:00:00 . Memory (MB): peak = 1339.406 ; gain = 0.000
Ending Logic Optimization Task | Checksum: 76c5e9f4

Time (s): cpu = 00:00:04 ; elapsed = 00:00:04 . Memory (MB): peak = 1339.406 ; gain = 0.000

Starting Power Optimization Task
INFO: [Pwropt 34-132] Skipping clock gating for clocks with a period < 2.00 ns.
Ending Power Optimization Task | Checksum: 76c5e9f4

Time (s): cpu = 00:00:00 ; elapsed = 00:00:00.030 . Memory (MB): peak = 1339.406 ; gain = 0.000

Starting Final Cleanup Task
Ending Final Cleanup Task | Checksum: 76c5e9f4

Time (s): cpu = 00:00:00 ; elapsed = 00:00:00 . Memory (MB): peak = 1339.406 ; gain = 0.000

Starting Netlist Obfuscation Task
Netlist sorting complete. Time (s): cpu = 00:00:00 ; elapsed = 00:00:00 . Memory (MB): peak = 1339.406 ; gain = 0.000
Ending Netlist Obfuscation Task | Checksum: 76c5e9f4

Time (s): cpu = 00:00:00 ; elapsed = 00:00:00 . Memory (MB): peak = 1339.406 ; gain = 0.000
INFO: [Common 17-83] Releasing license: Implementation
29 Infos, 0 Warnings, 0 Critical Warnings and 0 Errors encountered.
opt_design completed successfully
opt_design: Time (s): cpu = 00:00:08 ; elapsed = 00:00:07 . Memory (MB): peak = 1339.406 ; gain = 98.125
Netlist sorting complete. Time (s): cpu = 00:00:00 ; elapsed = 00:00:00 . Memory (MB): peak = 1339.406 ; gain = 0.000
INFO: [Timing 38-480] Writing timing data to binary archive.
Netlist sorting complete. Time (s): cpu = 00:00:00 ; elapsed = 00:00:00 . Memory (MB): peak = 1339.406 ; gain = 0.000
INFO: [Common 17-1381] The checkpoint 'D:/hitsz-cs-cpu/Nanguobean-cpu/Nanguobean-cpu.runs/impl_1/CPU_opt.dcp' has been generated.
INFO: [runtcl-4] Executing : report_drc -file CPU_drc_opted.rpt -pb CPU_drc_opted.pb -rpx CPU_drc_opted.rpx
Command: report_drc -file CPU_drc_opted.rpt -pb CPU_drc_opted.pb -rpx CPU_drc_opted.rpx
INFO: [IP_Flow 19-1839] IP Catalog is up to date.
INFO: [DRC 23-27] Running DRC with 2 threads
INFO: [Coretcl 2-168] The results of DRC are in file D:/hitsz-cs-cpu/Nanguobean-cpu/Nanguobean-cpu.runs/impl_1/CPU_drc_opted.rpt.
report_drc completed successfully
Command: place_design
Attempting to get a license for feature 'Implementation' and/or device 'xc7a100t'
INFO: [Common 17-349] Got license for feature 'Implementation' and/or device 'xc7a100t'
INFO: [DRC 23-27] Running DRC with 2 threads
INFO: [Vivado_Tcl 4-198] DRC finished with 0 Errors
INFO: [Vivado_Tcl 4-199] Please refer to the DRC report (report_drc) for more information.
Running DRC as a precondition to command place_design
INFO: [DRC 23-27] Running DRC with 2 threads
INFO: [Vivado_Tcl 4-198] DRC finished with 0 Errors
INFO: [Vivado_Tcl 4-199] Please refer to the DRC report (report_drc) for more information.

Starting Placer Task
INFO: [Place 30-611] Multithreading enabled for place_design using a maximum of 2 CPUs

Phase 1 Placer Initialization

Phase 1.1 Placer Initialization Netlist Sorting
Netlist sorting complete. Time (s): cpu = 00:00:00 ; elapsed = 00:00:00 . Memory (MB): peak = 1339.406 ; gain = 0.000
Phase 1.1 Placer Initialization Netlist Sorting | Checksum: 00000000

Time (s): cpu = 00:00:00 ; elapsed = 00:00:00.003 . Memory (MB): peak = 1339.406 ; gain = 0.000
Phase 1 Placer Initialization | Checksum: 00000000

Time (s): cpu = 00:00:00 ; elapsed = 00:00:00.003 . Memory (MB): peak = 1339.406 ; gain = 0.000
ERROR: [Place 30-494] The design is empty
Resolution: Check if opt_design has removed all the leaf cells of your design.  Check whether you have instantiated and connected all of the top level ports.
Ending Placer Task | Checksum: 00000000

Time (s): cpu = 00:00:00 ; elapsed = 00:00:00.004 . Memory (MB): peak = 1339.406 ; gain = 0.000
INFO: [Common 17-83] Releasing license: Implementation
44 Infos, 0 Warnings, 0 Critical Warnings and 2 Errors encountered.
place_design failed
ERROR: [Common 17-69] Command failed: Placer could not place all instances
INFO: [Common 17-206] Exiting Vivado at Wed Jul  6 22:37:52 2022...
